生成启动时间为 2014/7/26 19:09:42。
     1>项目“d:\用户目录\我的文档\visual studio 2013\Projects\dog\bone\bone.vcxproj”在节点 3 上(Build 个目标)。
     1>ClCompile:
         C:\Program Files (x86)\Microsoft Visual Studio 12.0\VC\bin\CL.exe /c /ZI /nologo /W3 /WX- /sdl /Od /Oy- /D WIN32 /D _DEBUG /D _WINDOWS /D _UNICODE /D UNICODE /Gm /EHsc /RTC1 /MDd /GS /fp:precise /Zc:wchar_t /Zc:forScope /Fo"Debug\\" /Fd"Debug\vc120.pdb" /Gd /TC /analyze- /errorReport:prompt log.c shell.c sqlite.c sqlite3.c time.c
         time.c
         sqlite3.c
         sqlite.c
     1>d:\用户目录\我的文档\visual studio 2013\projects\dog\bone\sqlite.c(14): warning C4013: “sqlite3_e”未定义；假设外部返回 int
         shell.c
         log.c
         正在生成代码...
       Lib:
         C:\Program Files (x86)\Microsoft Visual Studio 12.0\VC\bin\Lib.exe /OUT:"d:\用户目录\我的文档\visual studio 2013\Projects\dog\Debug\bone.lib" /NOLOGO Debug\log.obj
         Debug\shell.obj
         Debug\sqlite.obj
         Debug\sqlite3.obj
         Debug\time.obj
         bone.vcxproj -> d:\用户目录\我的文档\visual studio 2013\Projects\dog\Debug\bone.lib
     1>已完成生成项目“d:\用户目录\我的文档\visual studio 2013\Projects\dog\bone\bone.vcxproj”(Build 个目标)的操作。

生成成功。

已用时间 00:00:02.44
