生成启动时间为 2014/8/2 13:39:32。
     1>项目“D:\projects\dog\bone\bone.vcxproj”在节点 2 上(Rebuild 个目标)。
     1>ClCompile:
         C:\Program Files (x86)\Microsoft Visual Studio 12.0\VC\bin\x86_amd64\CL.exe /c /Zi /nologo /W3 /WX- /sdl /Od /D WIN32 /D _DEBUG /D _WINDOWS /D _UNICODE /D UNICODE /Gm /EHsc /RTC1 /MDd /GS /fp:precise /Zc:wchar_t /Zc:forScope /Fo"x64\Debug\\" /Fd"x64\Debug\vc120.pdb" /Gd /TC /errorReport:prompt dll_init.c nose.c log.c shell.c sqlite.c sqlite3.c str_trans.c time.c
         time.c
         str_trans.c
     1>str_trans.c(56): warning C4047: “函数”:“DWORD”与“void *”的间接级别不同
     1>str_trans.c(56): warning C4024: “WideCharToMultiByte”: 形参和实参 2 的类型不同
     1>str_trans.c(61): warning C4047: “函数”:“DWORD”与“void *”的间接级别不同
     1>str_trans.c(61): warning C4024: “WideCharToMultiByte”: 形参和实参 2 的类型不同
         sqlite3.c
         sqlite.c
         shell.c
         log.c
         nose.c
         dll_init.c
         正在生成代码...
       Lib:
         C:\Program Files (x86)\Microsoft Visual Studio 12.0\VC\bin\x86_amd64\Lib.exe /OUT:"D:\projects\dog\x64\Debug\bone.lib" /NOLOGO /MACHINE:X64 x64\Debug\dll_init.obj
         x64\Debug\nose.obj
         x64\Debug\log.obj
         x64\Debug\shell.obj
         x64\Debug\sqlite.obj
         x64\Debug\sqlite3.obj
         x64\Debug\str_trans.obj
         x64\Debug\time.obj
         bone.vcxproj -> D:\projects\dog\x64\Debug\bone.lib
     1>已完成生成项目“D:\projects\dog\bone\bone.vcxproj”(Rebuild 个目标)的操作。

生成成功。

已用时间 00:00:02.04
