d:\projects\dog\debug\bark.lib
d:\projects\dog\debug\bark.exp
d:\用户目录\我的文档\visual studio 2013\projects\dog\bark\debug\vc120.pdb
d:\用户目录\我的文档\visual studio 2013\projects\dog\bark\debug\vc120.idb
d:\用户目录\我的文档\visual studio 2013\projects\dog\bark\debug\wang.obj
d:\projects\dog\bark\debug\vc120.pdb
d:\projects\dog\bark\debug\vc120.idb
d:\projects\dog\bark\debug\wang.obj
d:\用户目录\我的文档\visual studio 2013\projects\dog\debug\bark.ilk
d:\用户目录\我的文档\visual studio 2013\projects\dog\debug\bark.dll
d:\用户目录\我的文档\visual studio 2013\projects\dog\debug\bark.pdb
d:\projects\dog\debug\bark.ilk
d:\projects\dog\debug\bark.dll
d:\projects\dog\debug\bark.pdb
d:\projects\dog\bark\debug\bark.tlog\bark.write.1u.tlog
d:\projects\dog\bark\debug\bark.tlog\cl.command.1.tlog
d:\projects\dog\bark\debug\bark.tlog\cl.read.1.tlog
d:\projects\dog\bark\debug\bark.tlog\cl.write.1.tlog
d:\projects\dog\bark\debug\bark.tlog\link.command.1.tlog
d:\projects\dog\bark\debug\bark.tlog\link.read.1.tlog
d:\projects\dog\bark\debug\bark.tlog\link.write.1.tlog
